[debug] [2020-10-07T06:15:15.065Z] ----------------------------------------------------------------------
[debug] [2020-10-07T06:15:15.071Z] Command:       C:\Program Files\nodejs\node.exe C:\Users\szyma\AppData\Roaming\npm\node_modules\firebase-tools\lib\bin\firebase.js init hosting
[debug] [2020-10-07T06:15:15.071Z] CLI Version:   8.12.0
[debug] [2020-10-07T06:15:15.071Z] Platform:      win32
[debug] [2020-10-07T06:15:15.071Z] Node Version:  v12.18.2
[debug] [2020-10-07T06:15:15.074Z] Time:          Wed Oct 07 2020 08:15:15 GMT+0200 (GMT+02:00)
[debug] [2020-10-07T06:15:15.074Z] ----------------------------------------------------------------------
[debug] [2020-10-07T06:15:15.074Z] 
[debug] [2020-10-07T06:15:15.089Z] > command requires scopes: ["email","openid","https://www.googleapis.com/auth/cloudplatformprojects.readonly","https://www.googleapis.com/auth/firebase","https://www.googleapis.com/auth/cloud-platform"]
[debug] [2020-10-07T06:15:15.090Z] > authorizing via signed-in user
[info] 
     ######## #### ########  ######## ########     ###     ######  ########
     ##        ##  ##     ## ##       ##     ##  ##   ##  ##       ##
     ######    ##  ########  ######   ########  #########  ######  ######
     ##        ##  ##    ##  ##       ##     ## ##     ##       ## ##
     ##       #### ##     ## ######## ########  ##     ##  ######  ########

You're about to initialize a Firebase project in this directory:

  C:\Users\szyma\Desktop\project-shop

[info] 
=== Project Setup
[info] 
[info] First, let's associate this project directory with a Firebase project.
[info] You can create multiple project aliases by running firebase use --add, 
[info] but for now we'll just set up a default project.
[info] 
